f:\programs\vsprojects\bsuir\osisp3\dll\debug\dll.pch
f:\programs\vsprojects\bsuir\osisp3\dll\debug\vc142.pdb
f:\programs\vsprojects\bsuir\osisp3\dll\debug\vc142.idb
f:\programs\vsprojects\bsuir\osisp3\dll\debug\pch.obj
f:\programs\vsprojects\bsuir\osisp3\dll\debug\memanalyze.obj
f:\programs\vsprojects\bsuir\osisp3\dll\debug\dllmain.obj
f:\programs\vsprojects\bsuir\osisp3\debug\dll.lib
f:\programs\vsprojects\bsuir\osisp3\debug\dll.exp
f:\programs\vsprojects\bsuir\osisp3\debug\dll.dll
f:\programs\vsprojects\bsuir\osisp3\debug\dll.ilk
f:\programs\vsprojects\bsuir\osisp3\debug\dll.pdb
f:\programs\vsprojects\bsuir\osisp3\dll\debug\dllmain.nativecodeanalysis.xml
f:\programs\vsprojects\bsuir\osisp3\dll\debug\pch.nativecodeanalysis.xml
f:\programs\vsprojects\bsuir\osisp3\dll\debug\dll.tlog\cl.command.1.tlog
f:\programs\vsprojects\bsuir\osisp3\dll\debug\dll.tlog\cl.read.1.tlog
f:\programs\vsprojects\bsuir\osisp3\dll\debug\dll.tlog\cl.write.1.tlog
f:\programs\vsprojects\bsuir\osisp3\dll\debug\dll.tlog\dll.write.1u.tlog
f:\programs\vsprojects\bsuir\osisp3\dll\debug\dll.tlog\link.13108.delete.1.tlog
f:\programs\vsprojects\bsuir\osisp3\dll\debug\dll.tlog\link.command.1.tlog
f:\programs\vsprojects\bsuir\osisp3\dll\debug\dll.tlog\link.read.1.tlog
f:\programs\vsprojects\bsuir\osisp3\dll\debug\dll.tlog\link.write.1.tlog
